<?xml version="1.0" encoding="UTF-8"?>
<coverage generated="1636479740992" clover="3.2.0">
  <project timestamp="1636479740992" name="All files">
    <metrics statements="33" coveredstatements="33" conditionals="8" coveredconditionals="7" methods="10" coveredmethods="10" elements="51" coveredelements="50" complexity="0" loc="33" ncloc="33" packages="1" files="1" classes="1"/>
    <file name="Main.js" path="C:\Users\Usuario\Desktop\Pasta\Faculdade\js\Prova 1\lib\Main.js">
      <metrics statements="33" coveredstatements="33" conditionals="8" coveredconditionals="7" methods="10" coveredmethods="10"/>
      <line num="3" count="4" type="cond" truecount="2" falsecount="0"/>
      <line num="5" count="6" type="stmt"/>
      <line num="6" count="1" type="stmt"/>
      <line num="8" count="3" type="cond" truecount="2" falsecount="0"/>
      <line num="9" count="1" type="stmt"/>
      <line num="10" count="1" type="stmt"/>
      <line num="11" count="1" type="stmt"/>
      <line num="14" count="6" type="stmt"/>
      <line num="15" count="1" type="stmt"/>
      <line num="18" count="6" type="stmt"/>
      <line num="19" count="1" type="stmt"/>
      <line num="21" count="1" type="stmt"/>
      <line num="24" count="4" type="stmt"/>
      <line num="25" count="1" type="stmt"/>
      <line num="27" count="2" type="cond" truecount="2" falsecount="0"/>
      <line num="28" count="1" type="stmt"/>
      <line num="29" count="1" type="stmt"/>
      <line num="30" count="1" type="stmt"/>
      <line num="33" count="6" type="stmt"/>
      <line num="34" count="1" type="stmt"/>
      <line num="37" count="6" type="stmt"/>
      <line num="38" count="1" type="stmt"/>
      <line num="40" count="1" type="stmt"/>
      <line num="43" count="4" type="stmt"/>
      <line num="44" count="1" type="stmt"/>
      <line num="45" count="1" type="cond" truecount="1" falsecount="1"/>
      <line num="46" count="1" type="stmt"/>
      <line num="49" count="6" type="stmt"/>
      <line num="50" count="1" type="stmt"/>
      <line num="53" count="12" type="stmt"/>
      <line num="55" count="1" type="stmt"/>
      <line num="56" count="1" type="stmt"/>
      <line num="60" count="1" type="stmt"/>
    </file>
  </project>
</coverage>
