{"C:\\Users\\Usuario\\Desktop\\Pasta\\Faculdade\\js\\Prova 1\\lib\\Main.js": {"path":"C:\\Users\\Usuario\\Desktop\\Pasta\\Faculdade\\js\\Prova 1\\lib\\Main.js","statementMap":{"0":{"start":{"line":3,"column":4},"end":{"line":43,"column":5}},"1":{"start":{"line":5,"column":24},"end":{"line":5,"column":55}},"2":{"start":{"line":5,"column":35},"end":{"line":5,"column":55}},"3":{"start":{"line":6,"column":8},"end":{"line":6,"column":38}},"4":{"start":{"line":8,"column":10},"end":{"line":43,"column":5}},"5":{"start":{"line":9,"column":20},"end":{"line":9,"column":22}},"6":{"start":{"line":10,"column":20},"end":{"line":10,"column":22}},"7":{"start":{"line":11,"column":20},"end":{"line":11,"column":22}},"8":{"start":{"line":14,"column":24},"end":{"line":14,"column":55}},"9":{"start":{"line":14,"column":35},"end":{"line":14,"column":55}},"10":{"start":{"line":15,"column":8},"end":{"line":15,"column":39}},"11":{"start":{"line":18,"column":25},"end":{"line":18,"column":56}},"12":{"start":{"line":18,"column":36},"end":{"line":18,"column":56}},"13":{"start":{"line":19,"column":8},"end":{"line":19,"column":40}},"14":{"start":{"line":20,"column":8},"end":{"line":20,"column":36}},"15":{"start":{"line":23,"column":25},"end":{"line":23,"column":48}},"16":{"start":{"line":23,"column":34},"end":{"line":23,"column":48}},"17":{"start":{"line":24,"column":8},"end":{"line":24,"column":37}},"18":{"start":{"line":26,"column":10},"end":{"line":43,"column":5}},"19":{"start":{"line":27,"column":18},"end":{"line":27,"column":20}},"20":{"start":{"line":28,"column":19},"end":{"line":28,"column":21}},"21":{"start":{"line":29,"column":20},"end":{"line":29,"column":22}},"22":{"start":{"line":31,"column":24},"end":{"line":31,"column":55}},"23":{"start":{"line":31,"column":35},"end":{"line":31,"column":55}},"24":{"start":{"line":32,"column":8},"end":{"line":32,"column":37}},"25":{"start":{"line":34,"column":25},"end":{"line":34,"column":56}},"26":{"start":{"line":34,"column":36},"end":{"line":34,"column":56}},"27":{"start":{"line":35,"column":8},"end":{"line":35,"column":39}},"28":{"start":{"line":36,"column":8},"end":{"line":36,"column":33}},"29":{"start":{"line":38,"column":25},"end":{"line":38,"column":55}},"30":{"start":{"line":38,"column":34},"end":{"line":38,"column":55}},"31":{"start":{"line":39,"column":8},"end":{"line":39,"column":43}},"32":{"start":{"line":40,"column":8},"end":{"line":40,"column":37}},"33":{"start":{"line":42,"column":8},"end":{"line":42,"column":23}},"34":{"start":{"line":46,"column":0},"end":{"line":46,"column":33}}},"fnMap":{"0":{"name":"Filtrarfraturas","decl":{"start":{"line":1,"column":9},"end":{"line":1,"column":24}},"loc":{"start":{"line":1,"column":41},"end":{"line":45,"column":1}},"line":1},"1":{"name":"(anonymous_1)","decl":{"start":{"line":5,"column":24},"end":{"line":5,"column":25}},"loc":{"start":{"line":5,"column":35},"end":{"line":5,"column":55}},"line":5},"2":{"name":"(anonymous_2)","decl":{"start":{"line":14,"column":24},"end":{"line":14,"column":25}},"loc":{"start":{"line":14,"column":35},"end":{"line":14,"column":55}},"line":14},"3":{"name":"(anonymous_3)","decl":{"start":{"line":18,"column":25},"end":{"line":18,"column":26}},"loc":{"start":{"line":18,"column":36},"end":{"line":18,"column":56}},"line":18},"4":{"name":"(anonymous_4)","decl":{"start":{"line":23,"column":25},"end":{"line":23,"column":26}},"loc":{"start":{"line":23,"column":34},"end":{"line":23,"column":48}},"line":23},"5":{"name":"(anonymous_5)","decl":{"start":{"line":31,"column":24},"end":{"line":31,"column":25}},"loc":{"start":{"line":31,"column":35},"end":{"line":31,"column":55}},"line":31},"6":{"name":"(anonymous_6)","decl":{"start":{"line":34,"column":25},"end":{"line":34,"column":26}},"loc":{"start":{"line":34,"column":36},"end":{"line":34,"column":56}},"line":34},"7":{"name":"(anonymous_7)","decl":{"start":{"line":38,"column":25},"end":{"line":38,"column":26}},"loc":{"start":{"line":38,"column":34},"end":{"line":38,"column":55}},"line":38}},"branchMap":{"0":{"loc":{"start":{"line":3,"column":4},"end":{"line":43,"column":5}},"type":"if","locations":[{"start":{"line":3,"column":4},"end":{"line":43,"column":5}},{"start":{"line":8,"column":10},"end":{"line":43,"column":5}}],"line":3},"1":{"loc":{"start":{"line":8,"column":10},"end":{"line":43,"column":5}},"type":"if","locations":[{"start":{"line":8,"column":10},"end":{"line":43,"column":5}},{"start":{"line":26,"column":10},"end":{"line":43,"column":5}}],"line":8},"2":{"loc":{"start":{"line":26,"column":10},"end":{"line":43,"column":5}},"type":"if","locations":[{"start":{"line":26,"column":10},"end":{"line":43,"column":5}},{"start":{"line":41,"column":9},"end":{"line":43,"column":5}}],"line":26}},"s":{"0":3,"1":1,"2":6,"3":1,"4":2,"5":1,"6":1,"7":1,"8":1,"9":6,"10":1,"11":1,"12":6,"13":1,"14":1,"15":1,"16":4,"17":1,"18":1,"19":1,"20":1,"21":1,"22":1,"23":6,"24":1,"25":1,"26":6,"27":1,"28":1,"29":1,"30":8,"31":1,"32":1,"33":0,"34":1},"f":{"0":3,"1":6,"2":6,"3":6,"4":4,"5":6,"6":6,"7":8},"b":{"0":[1,2],"1":[1,1],"2":[1,0]},"_coverageSchema":"1a1c01bbd47fc00a2c39e90264f33305004495a9","hash":"a7025501b5d46fac529af2cb7189c05c30116ec3"}
}
