{"C:\\Users\\Usuario\\Desktop\\Pasta\\Faculdade\\js\\Prova 1\\lib\\Main.js": {"path":"C:\\Users\\Usuario\\Desktop\\Pasta\\Faculdade\\js\\Prova 1\\lib\\Main.js","statementMap":{"0":{"start":{"line":2,"column":20},"end":{"line":2,"column":51}},"1":{"start":{"line":2,"column":31},"end":{"line":2,"column":51}},"2":{"start":{"line":3,"column":4},"end":{"line":3,"column":34}},"3":{"start":{"line":6,"column":20},"end":{"line":6,"column":145}},"4":{"start":{"line":6,"column":31},"end":{"line":6,"column":145}},"5":{"start":{"line":7,"column":4},"end":{"line":7,"column":34}},"6":{"start":{"line":10,"column":20},"end":{"line":10,"column":77}},"7":{"start":{"line":10,"column":31},"end":{"line":10,"column":77}},"8":{"start":{"line":11,"column":15},"end":{"line":11,"column":16}},"9":{"start":{"line":12,"column":15},"end":{"line":12,"column":17}},"10":{"start":{"line":13,"column":15},"end":{"line":13,"column":17}},"11":{"start":{"line":14,"column":16},"end":{"line":14,"column":38}},"12":{"start":{"line":16,"column":4},"end":{"line":23,"column":5}},"13":{"start":{"line":16,"column":16},"end":{"line":16,"column":17}},"14":{"start":{"line":17,"column":8},"end":{"line":22,"column":9}},"15":{"start":{"line":17,"column":20},"end":{"line":17,"column":21}},"16":{"start":{"line":18,"column":12},"end":{"line":21,"column":13}},"17":{"start":{"line":19,"column":16},"end":{"line":19,"column":36}},"18":{"start":{"line":20,"column":16},"end":{"line":20,"column":24}},"19":{"start":{"line":24,"column":21},"end":{"line":24,"column":76}},"20":{"start":{"line":24,"column":32},"end":{"line":24,"column":76}},"21":{"start":{"line":25,"column":4},"end":{"line":25,"column":35}},"22":{"start":{"line":26,"column":4},"end":{"line":26,"column":29}},"23":{"start":{"line":27,"column":4},"end":{"line":27,"column":16}},"24":{"start":{"line":30,"column":20},"end":{"line":30,"column":52}},"25":{"start":{"line":30,"column":31},"end":{"line":30,"column":52}},"26":{"start":{"line":31,"column":15},"end":{"line":31,"column":16}},"27":{"start":{"line":32,"column":15},"end":{"line":32,"column":17}},"28":{"start":{"line":33,"column":15},"end":{"line":33,"column":17}},"29":{"start":{"line":34,"column":16},"end":{"line":34,"column":38}},"30":{"start":{"line":35,"column":4},"end":{"line":42,"column":5}},"31":{"start":{"line":35,"column":16},"end":{"line":35,"column":17}},"32":{"start":{"line":36,"column":8},"end":{"line":41,"column":9}},"33":{"start":{"line":36,"column":20},"end":{"line":36,"column":21}},"34":{"start":{"line":37,"column":12},"end":{"line":40,"column":13}},"35":{"start":{"line":38,"column":16},"end":{"line":38,"column":36}},"36":{"start":{"line":39,"column":16},"end":{"line":39,"column":24}},"37":{"start":{"line":43,"column":4},"end":{"line":43,"column":22}},"38":{"start":{"line":45,"column":21},"end":{"line":45,"column":52}},"39":{"start":{"line":45,"column":32},"end":{"line":45,"column":52}},"40":{"start":{"line":46,"column":4},"end":{"line":46,"column":35}},"41":{"start":{"line":47,"column":4},"end":{"line":47,"column":29}},"42":{"start":{"line":48,"column":4},"end":{"line":48,"column":16}},"43":{"start":{"line":50,"column":0},"end":{"line":50,"column":88}}},"fnMap":{"0":{"name":"Filtrarfraturas","decl":{"start":{"line":1,"column":9},"end":{"line":1,"column":24}},"loc":{"start":{"line":1,"column":33},"end":{"line":4,"column":1}},"line":1},"1":{"name":"(anonymous_1)","decl":{"start":{"line":2,"column":20},"end":{"line":2,"column":21}},"loc":{"start":{"line":2,"column":31},"end":{"line":2,"column":51}},"line":2},"2":{"name":"Filtrarfraturas2","decl":{"start":{"line":5,"column":9},"end":{"line":5,"column":25}},"loc":{"start":{"line":5,"column":34},"end":{"line":8,"column":1}},"line":5},"3":{"name":"(anonymous_3)","decl":{"start":{"line":6,"column":20},"end":{"line":6,"column":21}},"loc":{"start":{"line":6,"column":31},"end":{"line":6,"column":145}},"line":6},"4":{"name":"Filtrarfraturas3","decl":{"start":{"line":9,"column":9},"end":{"line":9,"column":25}},"loc":{"start":{"line":9,"column":43},"end":{"line":28,"column":1}},"line":9},"5":{"name":"(anonymous_5)","decl":{"start":{"line":10,"column":20},"end":{"line":10,"column":21}},"loc":{"start":{"line":10,"column":31},"end":{"line":10,"column":77}},"line":10},"6":{"name":"(anonymous_6)","decl":{"start":{"line":24,"column":21},"end":{"line":24,"column":22}},"loc":{"start":{"line":24,"column":32},"end":{"line":24,"column":76}},"line":24},"7":{"name":"Filtrarfraturas4","decl":{"start":{"line":29,"column":9},"end":{"line":29,"column":25}},"loc":{"start":{"line":29,"column":43},"end":{"line":49,"column":1}},"line":29},"8":{"name":"(anonymous_8)","decl":{"start":{"line":30,"column":20},"end":{"line":30,"column":21}},"loc":{"start":{"line":30,"column":31},"end":{"line":30,"column":52}},"line":30},"9":{"name":"(anonymous_9)","decl":{"start":{"line":45,"column":21},"end":{"line":45,"column":22}},"loc":{"start":{"line":45,"column":32},"end":{"line":45,"column":52}},"line":45}},"branchMap":{"0":{"loc":{"start":{"line":6,"column":31},"end":{"line":6,"column":145}},"type":"binary-expr","locations":[{"start":{"line":6,"column":31},"end":{"line":6,"column":52}},{"start":{"line":6,"column":56},"end":{"line":6,"column":77}},{"start":{"line":6,"column":81},"end":{"line":6,"column":97}},{"start":{"line":6,"column":101},"end":{"line":6,"column":121}},{"start":{"line":6,"column":125},"end":{"line":6,"column":145}}],"line":6},"1":{"loc":{"start":{"line":10,"column":31},"end":{"line":10,"column":77}},"type":"binary-expr","locations":[{"start":{"line":10,"column":31},"end":{"line":10,"column":52}},{"start":{"line":10,"column":56},"end":{"line":10,"column":77}}],"line":10},"2":{"loc":{"start":{"line":18,"column":12},"end":{"line":21,"column":13}},"type":"if","locations":[{"start":{"line":18,"column":12},"end":{"line":21,"column":13}},{"start":{},"end":{}}],"line":18},"3":{"loc":{"start":{"line":18,"column":15},"end":{"line":18,"column":65}},"type":"binary-expr","locations":[{"start":{"line":18,"column":15},"end":{"line":18,"column":42}},{"start":{"line":18,"column":46},"end":{"line":18,"column":65}}],"line":18},"4":{"loc":{"start":{"line":24,"column":32},"end":{"line":24,"column":76}},"type":"binary-expr","locations":[{"start":{"line":24,"column":32},"end":{"line":24,"column":52}},{"start":{"line":24,"column":56},"end":{"line":24,"column":76}}],"line":24},"5":{"loc":{"start":{"line":37,"column":12},"end":{"line":40,"column":13}},"type":"if","locations":[{"start":{"line":37,"column":12},"end":{"line":40,"column":13}},{"start":{},"end":{}}],"line":37},"6":{"loc":{"start":{"line":37,"column":15},"end":{"line":37,"column":163}},"type":"binary-expr","locations":[{"start":{"line":37,"column":15},"end":{"line":37,"column":42}},{"start":{"line":37,"column":46},"end":{"line":37,"column":76}},{"start":{"line":37,"column":80},"end":{"line":37,"column":121}},{"start":{"line":37,"column":125},"end":{"line":37,"column":163}}],"line":37}},"s":{"0":1,"1":6,"2":1,"3":1,"4":6,"5":1,"6":1,"7":6,"8":1,"9":1,"10":1,"11":1,"12":1,"13":1,"14":2,"15":2,"16":12,"17":1,"18":1,"19":1,"20":6,"21":1,"22":1,"23":1,"24":1,"25":6,"26":1,"27":1,"28":1,"29":1,"30":1,"31":1,"32":2,"33":2,"34":12,"35":1,"36":1,"37":1,"38":1,"39":6,"40":1,"41":1,"42":1,"43":1},"f":{"0":1,"1":6,"2":1,"3":6,"4":1,"5":6,"6":6,"7":1,"8":6,"9":6},"b":{"0":[6,4,2,4,2],"1":[6,3],"2":[1,11],"3":[12,2],"4":[6,3],"5":[1,11],"6":[12,2,1,1]},"_coverageSchema":"1a1c01bbd47fc00a2c39e90264f33305004495a9","hash":"e73edd6cb790e20f3b84fd72a11209718ed6c627"}
}
