TN:
SF:lib\Main.js
FN:1,Filtrarfraturas
FN:2,(anonymous_1)
FN:5,Filtrarfraturas2
FN:6,(anonymous_3)
FN:9,Filtrarfraturas3
FN:10,(anonymous_5)
FN:26,(anonymous_6)
FN:31,Filtrarfraturas4
FN:32,(anonymous_8)
FN:47,(anonymous_9)
FNF:10
FNH:10
FNDA:1,Filtrarfraturas
FNDA:6,(anonymous_1)
FNDA:1,Filtrarfraturas2
FNDA:6,(anonymous_3)
FNDA:1,Filtrarfraturas3
FNDA:6,(anonymous_5)
FNDA:6,(anonymous_6)
FNDA:1,Filtrarfraturas4
FNDA:6,(anonymous_8)
FNDA:6,(anonymous_9)
DA:2,6
DA:3,1
DA:6,6
DA:7,1
DA:10,6
DA:11,1
DA:13,1
DA:14,1
DA:15,1
DA:17,1
DA:18,3
DA:19,18
DA:20,1
DA:21,1
DA:26,6
DA:27,1
DA:28,1
DA:29,1
DA:32,6
DA:33,1
DA:34,1
DA:35,1
DA:37,1
DA:38,1
DA:39,2
DA:40,12
DA:41,1
DA:42,1
DA:47,6
DA:48,1
DA:49,1
DA:50,1
DA:52,1
LF:33
LH:33
BRDA:6,0,0,6
BRDA:6,0,1,4
BRDA:6,0,2,2
BRDA:6,0,3,5
BRDA:6,0,4,3
BRDA:10,1,0,6
BRDA:10,1,1,4
BRDA:19,2,0,1
BRDA:19,2,1,17
BRDA:19,3,0,18
BRDA:19,3,1,3
BRDA:26,4,0,6
BRDA:26,4,1,4
BRDA:40,5,0,1
BRDA:40,5,1,11
BRDA:40,6,0,12
BRDA:40,6,1,2
BRDA:40,6,2,1
BRDA:40,6,3,1
BRF:19
BRH:19
end_of_record
