TN:
SF:lib\Main.js
FN:1,Filtrarfraturas
FN:2,(anonymous_1)
FN:5,Filtrarfraturas2
FN:6,(anonymous_3)
FN:9,Filtrarfraturas3
FN:10,(anonymous_5)
FN:24,(anonymous_6)
FN:29,Filtrarfraturas4
FN:30,(anonymous_8)
FN:45,(anonymous_9)
FNF:10
FNH:10
FNDA:1,Filtrarfraturas
FNDA:6,(anonymous_1)
FNDA:1,Filtrarfraturas2
FNDA:6,(anonymous_3)
FNDA:1,Filtrarfraturas3
FNDA:6,(anonymous_5)
FNDA:6,(anonymous_6)
FNDA:1,Filtrarfraturas4
FNDA:6,(anonymous_8)
FNDA:6,(anonymous_9)
DA:2,6
DA:3,1
DA:6,6
DA:7,1
DA:10,6
DA:11,1
DA:12,1
DA:13,1
DA:14,1
DA:16,1
DA:17,2
DA:18,12
DA:19,1
DA:20,1
DA:24,6
DA:25,1
DA:26,1
DA:27,1
DA:30,6
DA:31,1
DA:32,1
DA:33,1
DA:34,1
DA:35,1
DA:36,2
DA:37,12
DA:38,1
DA:39,1
DA:43,1
DA:45,6
DA:46,1
DA:47,1
DA:48,1
DA:50,1
LF:34
LH:34
BRDA:6,0,0,6
BRDA:6,0,1,4
BRDA:6,0,2,2
BRDA:6,0,3,4
BRDA:6,0,4,2
BRDA:10,1,0,6
BRDA:10,1,1,3
BRDA:18,2,0,1
BRDA:18,2,1,11
BRDA:18,3,0,12
BRDA:18,3,1,2
BRDA:24,4,0,6
BRDA:24,4,1,3
BRDA:37,5,0,1
BRDA:37,5,1,11
BRDA:37,6,0,12
BRDA:37,6,1,2
BRDA:37,6,2,1
BRDA:37,6,3,1
BRF:19
BRH:19
end_of_record
